<?xml version="1.0" encoding="UTF-8"?>
<!-- Generated by org.testng.reporters.JUnitXMLReporter -->
<testsuite ignored="0" hostname="DESKTOP-F4T9PVL" failures="1" tests="1" name="Regression Test" time="5.331" errors="0" timestamp="2022-04-12T22:44:43 EDT">
  <testcase classname="io.cucumber.testng.AbstractTestNGCucumberTests" name="runScenario" time="4.488">
    <failure type="java.lang.AssertionError" message="FAILED! Expect 5 sliders but actual sliders are 7 expected:&amp;lt;5&amp;gt; but was:&amp;lt;7&amp;gt;">
      <![CDATA[java.lang.AssertionError: FAILED! Expect 5 sliders but actual sliders are 7 expected:<5> but was:<7>
at org.junit.Assert.fail(Assert.java:89)
at org.junit.Assert.failNotEquals(Assert.java:835)
at org.junit.Assert.assertEquals(Assert.java:647)
at pages.Fitness_HomePage.checkImageSlider(Fitness_HomePage.java:72)
at stepdefinitions.US004_Fitness_By_Henry_StepDef.test_for_and_see_image_sliders_only(US004_Fitness_By_Henry_StepDef.java:27)
at ✽.Test for 5 image sliders only(file:///C:/Users/Henry/Documents/TechCircle/BeatTheBootCampBatch9/src/test/resources/features/US004_Fitness_By_Henry.feature:15)
]]>
    </failure>
  </testcase> <!-- runScenario -->
</testsuite> <!-- Regression Test -->
