<?xml version="1.0" encoding="UTF-8"?>
<testng-results ignored="0" total="0" passed="0" failed="0" skipped="0">
  <reporter-output>
  </reporter-output>
  <suite started-at="2022-04-05T19:54:13 EDT" name="Suite" finished-at="2022-04-05T19:54:13 EDT" duration-ms="248">
    <groups>
      <group name="cucumber">
        <method signature="AbstractTestNGCucumberTests.runScenario(io.cucumber.testng.PickleWrapper,io.cucumber.testng.FeatureWrapper)[pri:0, instance:runners.BeatTheBootCampRunner@74751b3]" name="runScenario" class="io.cucumber.testng.AbstractTestNGCucumberTests"/>
      </group> <!-- cucumber -->
    </groups>
    <test started-at="2022-04-05T19:54:13 EDT" name="US004_Fitness - Henry" finished-at="2022-04-05T19:54:13 EDT" duration-ms="248">
      <class name="runners.BeatTheBootCampRunner">
        <test-method is-config="true" signature="setUpClass(org.testng.ITestContext)[pri:0, instance:runners.BeatTheBootCampRunner@74751b3]" started-at="2022-04-05T19:54:13 EDT" name="setUpClass" finished-at="2022-04-05T19:54:13 EDT" duration-ms="199" status="PASS">
          <params>
            <param index="0">
              <value>
                <![CDATA[org.testng.TestRunner@2f16c6b3]]>
              </value>
            </param>
          </params>
          <reporter-output>
          </reporter-output>
        </test-method> <!-- setUpClass -->
        <test-method is-config="true" signature="tearDownClass()[pri:0, instance:runners.BeatTheBootCampRunner@74751b3]" started-at="2022-04-05T19:54:13 EDT" name="tearDownClass" finished-at="2022-04-05T19:54:13 EDT" duration-ms="12" status="PASS">
          <reporter-output>
          </reporter-output>
        </test-method> <!-- tearDownClass -->
      </class> <!-- runners.BeatTheBootCampRunner -->
    </test> <!-- US004_Fitness - Henry -->
  </suite> <!-- Suite -->
</testng-results>
