<?xml version="1.0" encoding="UTF-8"?>
<!-- Generated by org.testng.reporters.JUnitReportReporter -->
<testsuite hostname="DESKTOP-F4T9PVL" failures="1" tests="1" name="runners.BeatTheBootCampRunnerRegressionTest" time="4.234" errors="0" timestamp="2022-04-12T22:48:06 EDT" skipped="0">
  <testcase classname="runners.BeatTheBootCampRunnerRegressionTest" name="runScenario" time="4.234">
    <failure message="FAILED! Expect 5 sliders but actual sliders are 7 expected:&lt;5&gt; but was:&lt;7&gt;" type="java.lang.AssertionError">
      <![CDATA[java.lang.AssertionError: FAILED! Expect 5 sliders but actual sliders are 7 expected:<5> but was:<7>
at org.junit.Assert.fail(Assert.java:89)
at org.junit.Assert.failNotEquals(Assert.java:835)
at org.junit.Assert.assertEquals(Assert.java:647)
at pages.Fitness_HomePage.checkImageSlider(Fitness_HomePage.java:72)
at stepdefinitions.US004_Fitness_By_Henry_StepDef.test_for_and_see_image_sliders_only(US004_Fitness_By_Henry_StepDef.java:27)
at ✽.Test for 5 image sliders only(file:///C:/Users/Henry/Documents/TechCircle/BeatTheBootCampBatch9/src/test/resources/features/US004_Fitness_By_Henry.feature:15)
]]>
    </failure>
  </testcase> <!-- runScenario -->
  <system-out/>
</testsuite> <!-- runners.BeatTheBootCampRunnerRegressionTest -->
